==1639431== FILE DESCRIPTORS: 12 open (3 std) at exit.
==1639431== Open file descriptor 103: /usr/share/code/v8_context_snapshot.bin
==1639431==    <inherited from parent>
==1639431== 
==1639431== Open file descriptor 38: /usr/share/code/resources/app/node_modules.asar
==1639431==    <inherited from parent>
==1639431== 
==1639431== Open file descriptor 30:
==1639431==    <inherited from parent>
==1639431== 
==1639431== Open file descriptor 29: /dev/pts/0
==1639431==    <inherited from parent>
==1639431== 
==1639431== Open file descriptor 28: /dev/ptmx
==1639431==    <inherited from parent>
==1639431== 
==1639431== Open file descriptor 27: /usr/share/code/resources/app/node_modules.asar
==1639431==    <inherited from parent>
==1639431== 
==1639431== Open file descriptor 26: /mnt/nfs/homes/hateisse/.config/Code/logs/20230427T161521/ptyhost.log
==1639431==    <inherited from parent>
==1639431== 
==1639431== Open file descriptor 11: /usr/share/code/v8_context_snapshot.bin
==1639431==    <inherited from parent>
==1639431== 
==1639431== Open file descriptor 3: /mnt/nfs/homes/hateisse/42-CURSUS/Minishell/vlg_error.out
==1639431==    <inherited from parent>
==1639431== 
==1639431== 
==1639431== ERROR SUMMARY: 0 errors from 0 contexts (suppressed: 0 from 0)
